#
# There is insufficient memory for the Java Runtime Environment to continue.
# Native memory allocation (mmap) failed to map 132120576 bytes for G1 virtual space
# Possible reasons:
#   The system is out of physical RAM or swap space
#   The process is running with CompressedOops enabled, and the Java Heap may be blocking the growth of the native heap
# Possible solutions:
#   Reduce memory load on the system
#   Increase physical memory or swap space
#   Check if swap backing store is full
#   Decrease Java heap size (-Xmx/-Xms)
#   Decrease number of Java threads
#   Decrease Java thread stack sizes (-Xss)
#   Set larger code cache with -XX:ReservedCodeCacheSize=
#   JVM is running with Unscaled Compressed Oops mode in which the Java heap is
#     placed in the first 4GB address space. The Java Heap base address is the
#     maximum limit for the native heap growth. Please use -XX:HeapBaseMinAddress
#     to set the Java Heap base and to place the Java Heap above 4GB virtual address.
# This output file may be truncated or incomplete.
#
#  Out of Memory Error (os_windows.cpp:3527), pid=9840, tid=4080
#
# JRE version:  (19.0.1+10) (build )
# Java VM: OpenJDK 64-Bit Server VM (19.0.1+10-21, mixed mode, sharing, tiered, compressed oops, compressed class ptrs, g1 gc, windows-amd64)
# No core dump will be written. Minidumps are not enabled by default on client versions of Windows
#

---------------  S U M M A R Y ------------

Command Line: -javaagent:E:\Program Files\JetBrains\IntelliJ IDEA 2022.2.3\lib\idea_rt.jar=64239:E:\Program Files\JetBrains\IntelliJ IDEA 2022.2.3\bin -Dfile.encoding=UTF-8 -Dsun.stdout.encoding=UTF-8 -Dsun.stderr.encoding=UTF-8 classworks.lesson18_20230517.regexExamples.RegEx8

Host: Intel(R) Core(TM) i5-8265U CPU @ 1.60GHz, 8 cores, 7G,  Windows 10 , 64 bit Build 19041 (10.0.19041.2788)
Time: Wed May 17 12:49:05 2023 FLE Summer Time elapsed time: 0.013682 seconds (0d 0h 0m 0s)

---------------  T H R E A D  ---------------

Current thread (0x000001d3e902d6f0):  JavaThread "Unknown thread" [_thread_in_vm, id=4080, stack(0x000000a0cb400000,0x000000a0cb500000)]

Stack: [0x000000a0cb400000,0x000000a0cb500000]
Native frames: (J=compiled Java code, j=interpreted, Vv=VM code, C=native code)
V  [jvm.dll+0x6ee8fa]
V  [jvm.dll+0x857a1e]
V  [jvm.dll+0x85940e]
V  [jvm.dll+0x859ac3]
V  [jvm.dll+0x28291f]
V  [jvm.dll+0x6eb6e9]
V  [jvm.dll+0x6e028a]
V  [jvm.dll+0x357136]
V  [jvm.dll+0x35eb96]
V  [jvm.dll+0x3b555e]
V  [jvm.dll+0x3b578f]
V  [jvm.dll+0x32c6ea]
V  [jvm.dll+0x32d59e]
V  [jvm.dll+0x821b20]
V  [jvm.dll+0x3c27c1]
V  [jvm.dll+0x8022f1]
V  [jvm.dll+0x44b30f]
V  [jvm.dll+0x44cc91]
C  [jli.dll+0x5287]
C  [ucrtbase.dll+0x21bb2]
C  [KERNEL32.DLL+0x17604]
C  [ntdll.dll+0x526a1]


---------------  P R O C E S S  ---------------

Threads class SMR info:
_java_thread_list=0x00007ffe4640d048, length=0, elements={
}

Java Threads: ( => current thread )

Other Threads:
  0x000001d3e908b3c0 WorkerThread "GC Thread#0" [stack: 0x000000a0cb500000,0x000000a0cb600000] [id=21784]
  0x000001d3e909bf00 ConcurrentGCThread "G1 Main Marker" [stack: 0x000000a0cb600000,0x000000a0cb700000] [id=10364]
  0x000001d3e909e0e0 WorkerThread "G1 Conc#0" [stack: 0x000000a0cb700000,0x000000a0cb800000] [id=25096]

[error occurred during error reporting (printing all threads), id 0xc0000005, EXCEPTION_ACCESS_VIOLATION (0xc0000005) at pc=0x00007ffe45bcd127]

VM state: not at safepoint (not fully initialized)

VM Mutex/Monitor currently owned by a thread:  ([mutex/lock_event])
[0x000001d3e9028800] Heap_lock - owner thread: 0x000001d3e902d6f0

Heap address: 0x0000000082e00000, size: 2002 MB, Compressed Oops mode: 32-bit

CDS archive(s) mapped at: [0x0000000000000000-0x0000000000000000-0x0000000000000000), size 0, SharedBaseAddress: 0x0000000800000000, ArchiveRelocationMode: 0.
Narrow klass base: 0x0000000000000000, Narrow klass shift: 0, Narrow klass range: 0x0

GC Precious Log:
 CardTable entry size: 512
 Card Set container configuration: InlinePtr #cards 5 size 8 Array Of Cards #cards 12 size 40 Howl #buckets 4 coarsen threshold 1843 Howl Bitmap #cards 512 size 80 coarsen threshold 460 Card regions per heap region 1 cards per card region 2048

Heap:
 garbage-first heap   total 0K, used 0K [0x0000000082e00000, 0x0000000100000000)
  region size 1024K, 0 young (0K), 0 survivors (0K)

[error occurred during error reporting (printing heap information), id 0xc0000005, EXCEPTION_ACCESS_VIOLATION (0xc0000005) at pc=0x00007ffe45fd6959]

GC Heap History (0 events):
No events

Dll operation events (1 events):
Event: 0.007 Loaded shared library E:\Users\olgad\.jdks\openjdk-19.0.1\bin\java.dll

Deoptimization events (0 events):
No events

Classes loaded (0 events):
No events

Classes unloaded (0 events):
No events

Classes redefined (0 events):
No events

Internal exceptions (0 events):
No events

VM Operations (0 events):
No events

Events (0 events):
No events


Dynamic libraries:
0x00007ff697c60000 - 0x00007ff697c6e000 	E:\Users\olgad\.jdks\openjdk-19.0.1\bin\java.exe
0x00007ffed0850000 - 0x00007ffed0a48000 	C:\WINDOWS\SYSTEM32\ntdll.dll
0x00007ffed0390000 - 0x00007ffed044f000 	C:\WINDOWS\System32\KERNEL32.DLL
0x00007ffece2b0000 - 0x00007ffece58a000 	C:\WINDOWS\System32\KERNELBASE.dll
0x00007ffece6d0000 - 0x00007ffece7d0000 	C:\WINDOWS\System32\ucrtbase.dll
0x00007ffeb26f0000 - 0x00007ffeb2707000 	E:\Users\olgad\.jdks\openjdk-19.0.1\bin\jli.dll
0x00007ffeb51d0000 - 0x00007ffeb51eb000 	E:\Users\olgad\.jdks\openjdk-19.0.1\bin\VCRUNTIME140.dll
0x00007ffece960000 - 0x00007ffeceafd000 	C:\WINDOWS\System32\USER32.dll
0x00007ffece280000 - 0x00007ffece2a2000 	C:\WINDOWS\System32\win32u.dll
0x00007ffecf4b0000 - 0x00007ffecf4db000 	C:\WINDOWS\System32\GDI32.dll
0x00007ffeb8170000 - 0x00007ffeb840a000 	C:\WINDOWS\WinSxS\amd64_microsoft.windows.common-controls_6595b64144ccf1df_6.0.19041.1110_none_60b5254171f9507e\COMCTL32.dll
0x00007ffecdf60000 - 0x00007ffece070000 	C:\WINDOWS\System32\gdi32full.dll
0x00007ffed0770000 - 0x00007ffed080e000 	C:\WINDOWS\System32\msvcrt.dll
0x00007ffece600000 - 0x00007ffece69d000 	C:\WINDOWS\System32\msvcp_win.dll
0x00007ffecfca0000 - 0x00007ffecfcd0000 	C:\WINDOWS\System32\IMM32.DLL
0x00007ffeb5e80000 - 0x00007ffeb5e8c000 	E:\Users\olgad\.jdks\openjdk-19.0.1\bin\vcruntime140_1.dll
0x00007ffe9f6e0000 - 0x00007ffe9f76e000 	E:\Users\olgad\.jdks\openjdk-19.0.1\bin\msvcp140.dll
0x00007ffe45890000 - 0x00007ffe46550000 	E:\Users\olgad\.jdks\openjdk-19.0.1\bin\server\jvm.dll
0x00007ffecebf0000 - 0x00007ffecec9e000 	C:\WINDOWS\System32\ADVAPI32.dll
0x00007ffece8b0000 - 0x00007ffece94c000 	C:\WINDOWS\System32\sechost.dll
0x00007ffecfdf0000 - 0x00007ffecff16000 	C:\WINDOWS\System32\RPCRT4.dll
0x00007ffe9d1a0000 - 0x00007ffe9d1c7000 	C:\WINDOWS\SYSTEM32\WINMM.dll
0x00007ffec2ed0000 - 0x00007ffec2eda000 	C:\WINDOWS\SYSTEM32\VERSION.dll
0x00007ffeb0700000 - 0x00007ffeb0709000 	C:\WINDOWS\SYSTEM32\WSOCK32.dll
0x00007ffecf5c0000 - 0x00007ffecf62b000 	C:\WINDOWS\System32\WS2_32.dll
0x00007ffecc7b0000 - 0x00007ffecc7c2000 	C:\WINDOWS\SYSTEM32\kernel.appcore.dll
0x00007ffea7610000 - 0x00007ffea761a000 	E:\Users\olgad\.jdks\openjdk-19.0.1\bin\jimage.dll
0x00007ffecc590000 - 0x00007ffecc774000 	C:\WINDOWS\SYSTEM32\DBGHELP.DLL
0x00007ffeb6230000 - 0x00007ffeb6264000 	C:\WINDOWS\SYSTEM32\dbgcore.DLL
0x00007ffece7d0000 - 0x00007ffece852000 	C:\WINDOWS\System32\bcryptPrimitives.dll
0x00007ffec5fa0000 - 0x00007ffec5fae000 	E:\Users\olgad\.jdks\openjdk-19.0.1\bin\instrument.dll
0x00007ffea7370000 - 0x00007ffea7396000 	E:\Users\olgad\.jdks\openjdk-19.0.1\bin\java.dll

dbghelp: loaded successfully - version: 4.0.5 - missing functions: none
symbol engine: initialized successfully - sym options: 0x614 - pdb path: .;E:\Users\olgad\.jdks\openjdk-19.0.1\bin;C:\WINDOWS\SYSTEM32;C:\WINDOWS\WinSxS\amd64_microsoft.windows.common-controls_6595b64144ccf1df_6.0.19041.1110_none_60b5254171f9507e;E:\Users\olgad\.jdks\openjdk-19.0.1\bin\server

VM Arguments:
jvm_args: -javaagent:E:\Program Files\JetBrains\IntelliJ IDEA 2022.2.3\lib\idea_rt.jar=64239:E:\Program Files\JetBrains\IntelliJ IDEA 2022.2.3\bin -Dfile.encoding=UTF-8 -Dsun.stdout.encoding=UTF-8 -Dsun.stderr.encoding=UTF-8 
java_command: classworks.lesson18_20230517.regexExamples.RegEx8
java_class_path (initial): E:\Courses\TelRan\prof_java_main\target\classes
Launcher Type: SUN_STANDARD

[Global flags]
     intx CICompilerCount                          = 4                                         {product} {ergonomic}
     uint ConcGCThreads                            = 2                                         {product} {ergonomic}
     uint G1ConcRefinementThreads                  = 8                                         {product} {ergonomic}
   size_t G1HeapRegionSize                         = 1048576                                   {product} {ergonomic}
    uintx GCDrainStackTargetSize                   = 64                                        {product} {ergonomic}
   size_t InitialHeapSize                          = 132120576                                 {product} {ergonomic}
   size_t MarkStackSize                            = 4194304                                   {product} {ergonomic}
   size_t MaxHeapSize                              = 2099249152                                {product} {ergonomic}
   size_t MinHeapDeltaBytes                        = 1048576                                   {product} {ergonomic}
   size_t MinHeapSize                              = 8388608                                   {product} {ergonomic}
    uintx NonNMethodCodeHeapSize                   = 5839372                                {pd product} {ergonomic}
    uintx NonProfiledCodeHeapSize                  = 122909434                              {pd product} {ergonomic}
    uintx ProfiledCodeHeapSize                     = 122909434                              {pd product} {ergonomic}
    uintx ReservedCodeCacheSize                    = 251658240                              {pd product} {ergonomic}
     bool SegmentedCodeCache                       = true                                      {product} {ergonomic}
   size_t SoftMaxHeapSize                          = 2099249152                             {manageable} {ergonomic}
     bool UseCompressedClassPointers               = true                           {product lp64_product} {ergonomic}
     bool UseCompressedOops                        = true                           {product lp64_product} {ergonomic}
     bool UseG1GC                                  = true                                      {product} {ergonomic}
     bool UseLargePagesIndividualAllocation        = false                                  {pd product} {ergonomic}

Logging:
Log output configuration:
 #0: stdout all=warning uptime,level,tags foldmultilines=false
 #1: stderr all=off uptime,level,tags foldmultilines=false

Environment Variables:
PATH=C:\Program Files\Microsoft MPI\Bin\;C:\WINDOWS\system32;C:\WINDOWS;C:\WINDOWS\System32\Wbem;C:\WINDOWS\System32\WindowsPowerShell\v1.0\;C:\WINDOWS\System32\OpenSSH\;C:\Program Files (x86)\Microsoft SQL Server\150\Tools\Binn\;C:\Program Files\Microsoft SQL Server\150\Tools\Binn\;C:\Program Files\Microsoft SQL Server\150\DTS\Binn\;C:\Program Files\Microsoft SQL Server\Client SDK\ODBC\170\Tools\Binn\;C:\Program Files (x86)\HP\IdrsOCR_15.2.10.1114\;C:\Program Files (x86)\Microsoft SQL Server\150\DTS\Binn\;C:\Program Files (x86)\Microsoft SQL Server\160\DTS\Binn\;C:\Program Files\Azure Data Studio\bin;C:\Program Files\Git\cmd;E:\Users\olgad\.jdks\openjdk-19.0.1\bin;C:\Program Files (x86)\HP\HP OCR\DB_Lib\;C:\Program Files\HP\Common\HPDestPlgIn\;C:\Program Files (x86)\HP\Common\HPDestPlgIn\;C:\Program Files\MySQL\MySQL Shell 8.0\bin\;C:\Users\olgad\AppData\Local\Microsoft\WindowsApps;;E:\Program Files\JetBrains\IntelliJ IDEA 2022.2.3\bin;;C:\Program Files\JetBrains\DataGrip 2019.2.5\bin;;C:\Program Files\Azure Data Studio\bin;E:\Program Files (x86)\Microsoft VS Code\bin;C:\Program Files\HP\Common\HPDestPlgIn\;C:\Program Files (x86)\HP\Common\HPDestPlgIn\
USERNAME=olgad
OS=Windows_NT
PROCESSOR_IDENTIFIER=Intel64 Family 6 Model 142 Stepping 12, GenuineIntel
TMP=C:\Users\olgad\AppData\Local\Temp
TEMP=C:\Users\olgad\AppData\Local\Temp



---------------  S Y S T E M  ---------------

OS:
 Windows 10 , 64 bit Build 19041 (10.0.19041.2788)
OS uptime: 2 days 2:45 hours

CPU: total 8 (initial active 8) (4 cores per cpu, 2 threads per core) family 6 model 142 stepping 12 microcode 0xb8, cx8, cmov, fxsr, ht, mmx, 3dnowpref, sse, sse2, sse3, ssse3, sse4.1, sse4.2, popcnt, lzcnt, tsc, tscinvbit, avx, avx2, aes, erms, clmul, bmi1, bmi2, adx, fma, vzeroupper, clflush, clflushopt, rdtscp

Memory: 4k page, system-wide physical 8006M (646M free)
TotalPageFile size 16131M (AvailPageFile size 113M)
current process WorkingSet (physical memory assigned to process): 10M, peak: 10M
current process commit charge ("private bytes"): 60M, peak: 186M

vm_info: OpenJDK 64-Bit Server VM (19.0.1+10-21) for windows-amd64 JRE (19.0.1+10-21), built on 2022-09-14T12:45:06Z by "mach5one" with MS VC++ 17.1 (VS2022)

END.
